2019-05-28 09-52-23-0934: KSJAPI::Api Version     = 8.0.0.6 
2019-05-28 09-52-23-0934: KSJAPI::Device Type     = 102 
2019-05-28 09-52-23-0934: KSJAPI::Serial          = 255  
2019-05-28 09-52-23-0934: KSJAPI::FirmwareVersion = 2.1  
2019-05-28 09-52-23-0934: KSJAPI:: __FUNCTION__ = AddCamera 
2019-05-28 09-52-23-0934: KSJAPI::szDllName = libksjcam_102.so  dlopen success
2019-05-28 09-52-23-0935: KSJAPI::RdFpga Address = 0128(0x0080), Value = 57840(0xe1f0), Return = 0
2019-05-28 09-52-23-0935: KSJAPI::RdFpga Address = 0241(0x00f1), Value = 02048(0x0800), Return = 0
2019-05-28 09-52-23-0936: KSJAPI::RdFpga Address = 0128(0x0080), Value = 57840(0xe1f0), Return = 0
2019-05-28 09-52-23-0936: KSJAPI::RdFpga Address = 0241(0x00f1), Value = 02048(0x0800), Return = 0
2019-05-28 09-52-23-0936: KSJAPI::RdFpga Address = 0255(0x00ff), Value = 04096(0x1000), Return = 0
2019-05-28 09-52-23-0937: KSJAPI::RdFpga Address = 0131(0x0083), Value = 65535(0xffff), Return = 0
2019-05-28 09-52-23-0937: KSJAPI::RdFpga Address = 0137(0x0089), Value = 00257(0x0101), Return = 0
2019-05-28 09-52-23-0938: KSJAPI::RdFpga Address = 0147(0x0093), Value = 05693(0x163d), Return = 0
2019-05-28 09-52-23-0939: KSJAPI::RdFpga Address = 0148(0x0094), Value = 63284(0xf734), Return = 0
2019-05-28 09-52-23-0939: KSJAPI::RdFpga Address = 0149(0x0095), Value = 00655(0x028f), Return = 0
2019-05-28 09-52-23-0939: KSJAPI::RdFpga Address = 0150(0x0096), Value = 64267(0xfb0b), Return = 0
2019-05-28 09-52-23-0939: KSJAPI::RdFpga Address = 0151(0x0097), Value = 05079(0x13d7), Return = 0
2019-05-28 09-52-23-0940: KSJAPI::RdFpga Address = 0152(0x0098), Value = 00286(0x011e), Return = 0
2019-05-28 09-52-23-0940: KSJAPI::RdFpga Address = 0153(0x0099), Value = 00245(0x00f5), Return = 0
2019-05-28 09-52-23-0940: KSJAPI::RdFpga Address = 0154(0x009a), Value = 64144(0xfa90), Return = 0
2019-05-28 09-52-23-0941: KSJAPI::RdFpga Address = 0155(0x009b), Value = 05242(0x147a), Return = 0
2019-05-28 09-52-23-0941: KSJAPI::RdFpga Address = 0156(0x009c), Value = 00000(0x0000), Return = 0
2019-05-28 09-52-23-0941: KSJAPI::RdFpga Address = 0157(0x009d), Value = 00000(0x0000), Return = 0
2019-05-28 09-52-23-0942: KSJAPI::RdFpga Address = 0158(0x009e), Value = 00006(0x0006), Return = 0
2019-05-28 09-52-23-0942: KSJAPI::RdFpga Address = 0159(0x009f), Value = 00000(0x0000), Return = 0
2019-05-28 09-52-23-0942: KSJAPI::RdFpga Address = 0161(0x00a1), Value = 00000(0x0000), Return = 0
2019-05-28 09-52-23-0942: KSJAPI::RdFpga Address = 0162(0x00a2), Value = 00000(0x0000), Return = 0
2019-05-28 09-52-23-0943: KSJAPI::RdSensor Address = 0011(0x000b), Value = 00196(0x00c4), Return = 0
2019-05-28 09-52-23-0943: KSJAPI::RdSensor Address = 0012(0x000c), Value = 00004(0x0004), Return = 0
2019-05-28 09-52-23-0943: KSJAPI::RdSensor Address = 0013(0x000d), Value = 00002(0x0002), Return = 0
2019-05-28 09-52-23-0944: KSJAPI::RdSensor Address = 0014(0x000e), Value = 00000(0x0000), Return = 0
2019-05-28 09-52-23-0944: KSJAPI::RdSensor Address = 0015(0x000f), Value = 00000(0x0000), Return = 0
2019-05-28 09-52-23-0944: KSJAPI::RdSensor Address = 0016(0x0010), Value = 00000(0x0000), Return = 0
2019-05-28 09-52-23-0945: KSJAPI::RdSensor Address = 0009(0x0009), Value = 00000(0x0000), Return = 0
2019-05-28 09-52-23-0945: KSJAPI::RdSensor Address = 0010(0x000a), Value = 00002(0x0002), Return = 0
2019-05-28 09-52-23-0945: KSJAPI::RdSensor Address = 0017(0x0011), Value = 00000(0x0000), Return = 0
2019-05-28 09-52-23-0946: KSJAPI::RdSensor Address = 0026(0x001a), Value = 00000(0x0000), Return = 0
2019-05-28 09-52-23-0946: KSJAPI::RdSensor Address = 0069(0x0045), Value = 00000(0x0000), Return = 0
2019-05-28 09-52-23-0946: KSJAPI::RdSensor Address = 0004(0x0004), Value = 00000(0x0000), Return = 0
2019-05-28 09-52-23-0947: KSJAPI::RdSensor Address = 0005(0x0005), Value = 00003(0x0003), Return = 0
2019-05-28 09-52-23-0947: KSJAPI::RdSensor Address = 0006(0x0006), Value = 00016(0x0010), Return = 0
2019-05-28 09-52-23-0947: KSJAPI::RdSensor Address = 0007(0x0007), Value = 00000(0x0000), Return = 0
2019-05-28 09-52-23-0948: KSJAPI::RdFpga Address = 0128(0x0080), Value = 57840(0xe1f0), Return = 0
2019-05-28 09-52-23-0948: KSJAPI::RdFpga Address = 0241(0x00f1), Value = 02048(0x0800), Return = 0
2019-05-28 09-52-23-0948: KSJAPI::RdFpga Address = 0128(0x0080), Value = 57840(0xe1f0), Return = 0
2019-05-28 09-52-23-0949: KSJAPI::RdFpga Address = 0241(0x00f1), Value = 02048(0x0800), Return = 0
2019-05-28 09-52-23-0949: KSJAPI::RdFpga Address = 0255(0x00ff), Value = 04096(0x1000), Return = 0
2019-05-28 09-52-23-0949: KSJAPI::RdFpga Address = 0131(0x0083), Value = 65535(0xffff), Return = 0
2019-05-28 09-52-23-0950: KSJAPI::RdFpga Address = 0137(0x0089), Value = 00257(0x0101), Return = 0
2019-05-28 09-52-23-0951: KSJAPI::RdFpga Address = 0147(0x0093), Value = 05693(0x163d), Return = 0
2019-05-28 09-52-23-0951: KSJAPI::RdFpga Address = 0148(0x0094), Value = 63284(0xf734), Return = 0
2019-05-28 09-52-23-0951: KSJAPI::RdFpga Address = 0149(0x0095), Value = 00655(0x028f), Return = 0
2019-05-28 09-52-23-0951: KSJAPI::RdFpga Address = 0150(0x0096), Value = 64267(0xfb0b), Return = 0
2019-05-28 09-52-23-0952: KSJAPI::RdFpga Address = 0151(0x0097), Value = 05079(0x13d7), Return = 0
2019-05-28 09-52-23-0952: KSJAPI::RdFpga Address = 0152(0x0098), Value = 00286(0x011e), Return = 0
2019-05-28 09-52-23-0952: KSJAPI::RdFpga Address = 0153(0x0099), Value = 00245(0x00f5), Return = 0
2019-05-28 09-52-23-0953: KSJAPI::RdFpga Address = 0154(0x009a), Value = 64144(0xfa90), Return = 0
2019-05-28 09-52-23-0953: KSJAPI::RdFpga Address = 0155(0x009b), Value = 05242(0x147a), Return = 0
2019-05-28 09-52-23-0953: KSJAPI::RdFpga Address = 0156(0x009c), Value = 00000(0x0000), Return = 0
2019-05-28 09-52-23-0953: KSJAPI::RdFpga Address = 0157(0x009d), Value = 00000(0x0000), Return = 0
2019-05-28 09-52-23-0954: KSJAPI::RdFpga Address = 0158(0x009e), Value = 00006(0x0006), Return = 0
2019-05-28 09-52-23-0954: KSJAPI::RdFpga Address = 0159(0x009f), Value = 00000(0x0000), Return = 0
2019-05-28 09-52-23-0954: KSJAPI::RdFpga Address = 0161(0x00a1), Value = 00000(0x0000), Return = 0
2019-05-28 09-52-23-0955: KSJAPI::RdFpga Address = 0162(0x00a2), Value = 00000(0x0000), Return = 0
2019-05-28 09-52-23-0955: KSJAPI::RdSensor Address = 0011(0x000b), Value = 00196(0x00c4), Return = 0
2019-05-28 09-52-23-0955: KSJAPI::RdSensor Address = 0012(0x000c), Value = 00004(0x0004), Return = 0
2019-05-28 09-52-23-0955: KSJAPI::RdSensor Address = 0013(0x000d), Value = 00002(0x0002), Return = 0
2019-05-28 09-52-23-0956: KSJAPI::RdSensor Address = 0014(0x000e), Value = 00000(0x0000), Return = 0
2019-05-28 09-52-23-0956: KSJAPI::RdSensor Address = 0015(0x000f), Value = 00000(0x0000), Return = 0
2019-05-28 09-52-23-0956: KSJAPI::RdSensor Address = 0016(0x0010), Value = 00000(0x0000), Return = 0
2019-05-28 09-52-23-0957: KSJAPI::RdSensor Address = 0009(0x0009), Value = 00000(0x0000), Return = 0
2019-05-28 09-52-23-0957: KSJAPI::RdSensor Address = 0010(0x000a), Value = 00002(0x0002), Return = 0
2019-05-28 09-52-23-0957: KSJAPI::RdSensor Address = 0017(0x0011), Value = 00000(0x0000), Return = 0
2019-05-28 09-52-23-0958: KSJAPI::RdSensor Address = 0026(0x001a), Value = 00000(0x0000), Return = 0
2019-05-28 09-52-23-0958: KSJAPI::RdSensor Address = 0069(0x0045), Value = 00000(0x0000), Return = 0
2019-05-28 09-52-23-0958: KSJAPI::RdSensor Address = 0004(0x0004), Value = 00000(0x0000), Return = 0
2019-05-28 09-52-23-0959: KSJAPI::RdSensor Address = 0005(0x0005), Value = 00003(0x0003), Return = 0
2019-05-28 09-52-23-0959: KSJAPI::RdSensor Address = 0006(0x0006), Value = 00016(0x0010), Return = 0
2019-05-28 09-52-23-0959: KSJAPI::RdSensor Address = 0007(0x0007), Value = 00000(0x0000), Return = 0
2019-05-28 09-52-24-0124: KSJAPI::RdFpga Address = 0147(0x0093), Value = 05693(0x163d), Return = 0
2019-05-28 09-52-24-0125: KSJAPI::RdFpga Address = 0148(0x0094), Value = 63284(0xf734), Return = 0
2019-05-28 09-52-24-0125: KSJAPI::RdFpga Address = 0149(0x0095), Value = 00655(0x028f), Return = 0
2019-05-28 09-52-24-0125: KSJAPI::RdFpga Address = 0150(0x0096), Value = 64267(0xfb0b), Return = 0
2019-05-28 09-52-24-0126: KSJAPI::RdFpga Address = 0151(0x0097), Value = 05079(0x13d7), Return = 0
2019-05-28 09-52-24-0126: KSJAPI::RdFpga Address = 0152(0x0098), Value = 00286(0x011e), Return = 0
2019-05-28 09-52-24-0127: KSJAPI::RdFpga Address = 0153(0x0099), Value = 00245(0x00f5), Return = 0
2019-05-28 09-52-24-0127: KSJAPI::RdFpga Address = 0154(0x009a), Value = 64144(0xfa90), Return = 0
2019-05-28 09-52-24-0127: KSJAPI::RdFpga Address = 0155(0x009b), Value = 05242(0x147a), Return = 0
