2019-01-22 11-30-40-0953: KSJAPI::Api Version     = 8.0.0.6 
2019-01-22 11-30-40-0953: KSJAPI::Device Type     = 102 
2019-01-22 11-30-40-0953: KSJAPI::Serial          = 255  
2019-01-22 11-30-40-0953: KSJAPI::FirmwareVersion = 2.1  
2019-01-22 11-30-40-0953: KSJAPI:: __FUNCTION__ = AddCamera 
2019-01-22 11-30-40-0954: KSJAPI::szDllName = libksjcam_102.so  dlopen success
2019-01-22 11-30-40-0954: KSJAPI::RdFpga Address = 0128(0x0080), Value = 57855(0xe1ff), Return = 0
2019-01-22 11-30-40-0955: KSJAPI::RdFpga Address = 0241(0x00f1), Value = 02048(0x0800), Return = 0
2019-01-22 11-30-40-0955: KSJAPI::RdFpga Address = 0128(0x0080), Value = 57855(0xe1ff), Return = 0
2019-01-22 11-30-40-0955: KSJAPI::RdFpga Address = 0241(0x00f1), Value = 02048(0x0800), Return = 0
2019-01-22 11-30-40-0956: KSJAPI::RdFpga Address = 0255(0x00ff), Value = 00000(0x0000), Return = 0
2019-01-22 11-30-40-0956: KSJAPI::RdFpga Address = 0131(0x0083), Value = 65535(0xffff), Return = 0
2019-01-22 11-30-40-0956: KSJAPI::RdFpga Address = 0137(0x0089), Value = 00257(0x0101), Return = 0
2019-01-22 11-30-40-0957: KSJAPI::RdFpga Address = 0147(0x0093), Value = 05693(0x163d), Return = 0
2019-01-22 11-30-40-0958: KSJAPI::RdFpga Address = 0148(0x0094), Value = 63284(0xf734), Return = 0
2019-01-22 11-30-40-0958: KSJAPI::RdFpga Address = 0149(0x0095), Value = 00655(0x028f), Return = 0
2019-01-22 11-30-40-0959: KSJAPI::RdFpga Address = 0150(0x0096), Value = 64267(0xfb0b), Return = 0
2019-01-22 11-30-40-0959: KSJAPI::RdFpga Address = 0151(0x0097), Value = 05079(0x13d7), Return = 0
2019-01-22 11-30-40-0960: KSJAPI::RdFpga Address = 0152(0x0098), Value = 00286(0x011e), Return = 0
2019-01-22 11-30-40-0961: KSJAPI::RdFpga Address = 0153(0x0099), Value = 00245(0x00f5), Return = 0
2019-01-22 11-30-40-0961: KSJAPI::RdFpga Address = 0154(0x009a), Value = 64144(0xfa90), Return = 0
2019-01-22 11-30-40-0962: KSJAPI::RdFpga Address = 0155(0x009b), Value = 05242(0x147a), Return = 0
2019-01-22 11-30-40-0963: KSJAPI::RdFpga Address = 0156(0x009c), Value = 00000(0x0000), Return = 0
2019-01-22 11-30-40-0964: KSJAPI::RdFpga Address = 0157(0x009d), Value = 00000(0x0000), Return = 0
2019-01-22 11-30-40-0965: KSJAPI::RdFpga Address = 0158(0x009e), Value = 00006(0x0006), Return = 0
2019-01-22 11-30-40-0966: KSJAPI::RdFpga Address = 0159(0x009f), Value = 00000(0x0000), Return = 0
2019-01-22 11-30-40-0966: KSJAPI::RdFpga Address = 0161(0x00a1), Value = 00000(0x0000), Return = 0
2019-01-22 11-30-40-0967: KSJAPI::RdFpga Address = 0162(0x00a2), Value = 00000(0x0000), Return = 0
2019-01-22 11-30-40-0968: KSJAPI::RdSensor Address = 0011(0x000b), Value = 00000(0x0000), Return = 0
2019-01-22 11-30-40-0969: KSJAPI::RdSensor Address = 0012(0x000c), Value = 00004(0x0004), Return = 0
2019-01-22 11-30-40-0970: KSJAPI::RdSensor Address = 0013(0x000d), Value = 00000(0x0000), Return = 0
2019-01-22 11-30-40-0971: KSJAPI::RdSensor Address = 0014(0x000e), Value = 00000(0x0000), Return = 0
2019-01-22 11-30-40-0972: KSJAPI::RdSensor Address = 0015(0x000f), Value = 00000(0x0000), Return = 0
2019-01-22 11-30-40-0973: KSJAPI::RdSensor Address = 0016(0x0010), Value = 00000(0x0000), Return = 0
2019-01-22 11-30-40-0973: KSJAPI::RdSensor Address = 0009(0x0009), Value = 00000(0x0000), Return = 0
2019-01-22 11-30-40-0974: KSJAPI::RdSensor Address = 0010(0x000a), Value = 00002(0x0002), Return = 0
2019-01-22 11-30-40-0975: KSJAPI::RdSensor Address = 0017(0x0011), Value = 00000(0x0000), Return = 0
2019-01-22 11-30-40-0976: KSJAPI::RdSensor Address = 0026(0x001a), Value = 00000(0x0000), Return = 0
2019-01-22 11-30-40-0977: KSJAPI::RdSensor Address = 0069(0x0045), Value = 00000(0x0000), Return = 0
2019-01-22 11-30-40-0978: KSJAPI::RdSensor Address = 0004(0x0004), Value = 00000(0x0000), Return = 0
2019-01-22 11-30-40-0979: KSJAPI::RdSensor Address = 0005(0x0005), Value = 00003(0x0003), Return = 0
2019-01-22 11-30-40-0980: KSJAPI::RdSensor Address = 0006(0x0006), Value = 00016(0x0010), Return = 0
2019-01-22 11-30-40-0981: KSJAPI::RdSensor Address = 0007(0x0007), Value = 00000(0x0000), Return = 0
2019-01-22 11-30-40-0982: KSJAPI::RdFpga Address = 0128(0x0080), Value = 57855(0xe1ff), Return = 0
2019-01-22 11-30-40-0983: KSJAPI::RdFpga Address = 0241(0x00f1), Value = 02048(0x0800), Return = 0
2019-01-22 11-30-40-0984: KSJAPI::RdFpga Address = 0128(0x0080), Value = 57855(0xe1ff), Return = 0
2019-01-22 11-30-40-0985: KSJAPI::RdFpga Address = 0241(0x00f1), Value = 02048(0x0800), Return = 0
2019-01-22 11-30-40-0986: KSJAPI::RdFpga Address = 0255(0x00ff), Value = 00000(0x0000), Return = 0
2019-01-22 11-30-40-0987: KSJAPI::RdFpga Address = 0131(0x0083), Value = 65535(0xffff), Return = 0
2019-01-22 11-30-40-0988: KSJAPI::RdFpga Address = 0137(0x0089), Value = 00257(0x0101), Return = 0
2019-01-22 11-30-40-0991: KSJAPI::RdFpga Address = 0147(0x0093), Value = 05693(0x163d), Return = 0
2019-01-22 11-30-40-0992: KSJAPI::RdFpga Address = 0148(0x0094), Value = 63284(0xf734), Return = 0
2019-01-22 11-30-40-0993: KSJAPI::RdFpga Address = 0149(0x0095), Value = 00655(0x028f), Return = 0
2019-01-22 11-30-40-0994: KSJAPI::RdFpga Address = 0150(0x0096), Value = 64267(0xfb0b), Return = 0
2019-01-22 11-30-40-0995: KSJAPI::RdFpga Address = 0151(0x0097), Value = 05079(0x13d7), Return = 0
2019-01-22 11-30-40-0996: KSJAPI::RdFpga Address = 0152(0x0098), Value = 00286(0x011e), Return = 0
2019-01-22 11-30-40-0997: KSJAPI::RdFpga Address = 0153(0x0099), Value = 00245(0x00f5), Return = 0
2019-01-22 11-30-40-0998: KSJAPI::RdFpga Address = 0154(0x009a), Value = 64144(0xfa90), Return = 0
2019-01-22 11-30-40-0999: KSJAPI::RdFpga Address = 0155(0x009b), Value = 05242(0x147a), Return = 0
2019-01-22 11-30-40-0999: KSJAPI::RdFpga Address = 0156(0x009c), Value = 00000(0x0000), Return = 0
2019-01-22 11-30-41-0000: KSJAPI::RdFpga Address = 0157(0x009d), Value = 00000(0x0000), Return = 0
2019-01-22 11-30-41-0001: KSJAPI::RdFpga Address = 0158(0x009e), Value = 00006(0x0006), Return = 0
2019-01-22 11-30-41-0002: KSJAPI::RdFpga Address = 0159(0x009f), Value = 00000(0x0000), Return = 0
2019-01-22 11-30-41-0003: KSJAPI::RdFpga Address = 0161(0x00a1), Value = 00000(0x0000), Return = 0
2019-01-22 11-30-41-0004: KSJAPI::RdFpga Address = 0162(0x00a2), Value = 00000(0x0000), Return = 0
2019-01-22 11-30-41-0004: KSJAPI::RdSensor Address = 0011(0x000b), Value = 00000(0x0000), Return = 0
2019-01-22 11-30-41-0005: KSJAPI::RdSensor Address = 0012(0x000c), Value = 00004(0x0004), Return = 0
2019-01-22 11-30-41-0006: KSJAPI::RdSensor Address = 0013(0x000d), Value = 00000(0x0000), Return = 0
2019-01-22 11-30-41-0007: KSJAPI::RdSensor Address = 0014(0x000e), Value = 00000(0x0000), Return = 0
2019-01-22 11-30-41-0008: KSJAPI::RdSensor Address = 0015(0x000f), Value = 00000(0x0000), Return = 0
2019-01-22 11-30-41-0009: KSJAPI::RdSensor Address = 0016(0x0010), Value = 00000(0x0000), Return = 0
2019-01-22 11-30-41-0010: KSJAPI::RdSensor Address = 0009(0x0009), Value = 00000(0x0000), Return = 0
2019-01-22 11-30-41-0011: KSJAPI::RdSensor Address = 0010(0x000a), Value = 00002(0x0002), Return = 0
2019-01-22 11-30-41-0012: KSJAPI::RdSensor Address = 0017(0x0011), Value = 00000(0x0000), Return = 0
2019-01-22 11-30-41-0012: KSJAPI::RdSensor Address = 0026(0x001a), Value = 00000(0x0000), Return = 0
2019-01-22 11-30-41-0013: KSJAPI::RdSensor Address = 0069(0x0045), Value = 00000(0x0000), Return = 0
2019-01-22 11-30-41-0014: KSJAPI::RdSensor Address = 0004(0x0004), Value = 00000(0x0000), Return = 0
2019-01-22 11-30-41-0015: KSJAPI::RdSensor Address = 0005(0x0005), Value = 00003(0x0003), Return = 0
2019-01-22 11-30-41-0016: KSJAPI::RdSensor Address = 0006(0x0006), Value = 00016(0x0010), Return = 0
2019-01-22 11-30-41-0017: KSJAPI::RdSensor Address = 0007(0x0007), Value = 00000(0x0000), Return = 0
2019-01-22 11-30-41-0489: KSJAPI::RdFpga Address = 0147(0x0093), Value = 05693(0x163d), Return = 0
2019-01-22 11-30-41-0775: KSJAPI::RdFpga Address = 0148(0x0094), Value = 00000(0x0000), Return = -8
