2019-01-22 11-30-39-0938: KSJAPI::Api Version     = 8.0.0.6 
2019-01-22 11-30-39-0938: KSJAPI::Device Type     = 102 
2019-01-22 11-30-39-0938: KSJAPI::Serial          = 255  
2019-01-22 11-30-39-0938: KSJAPI::FirmwareVersion = 2.1  
2019-01-22 11-30-39-0938: KSJAPI:: __FUNCTION__ = AddCamera 
2019-01-22 11-30-39-0938: KSJAPI::szDllName = libksjcam_102.so  dlopen success
2019-01-22 11-30-39-0939: KSJAPI::RdFpga Address = 0128(0x0080), Value = 57855(0xe1ff), Return = 0
2019-01-22 11-30-39-0940: KSJAPI::RdFpga Address = 0241(0x00f1), Value = 02048(0x0800), Return = 0
2019-01-22 11-30-39-0941: KSJAPI::RdFpga Address = 0128(0x0080), Value = 57855(0xe1ff), Return = 0
2019-01-22 11-30-39-0941: KSJAPI::RdFpga Address = 0241(0x00f1), Value = 02048(0x0800), Return = 0
2019-01-22 11-30-39-0942: KSJAPI::RdFpga Address = 0255(0x00ff), Value = 00000(0x0000), Return = 0
2019-01-22 11-30-39-0943: KSJAPI::RdFpga Address = 0131(0x0083), Value = 65535(0xffff), Return = 0
2019-01-22 11-30-39-0944: KSJAPI::RdFpga Address = 0137(0x0089), Value = 00257(0x0101), Return = 0
2019-01-22 11-30-39-0947: KSJAPI::RdFpga Address = 0147(0x0093), Value = 05693(0x163d), Return = 0
2019-01-22 11-30-39-0948: KSJAPI::RdFpga Address = 0148(0x0094), Value = 63284(0xf734), Return = 0
2019-01-22 11-30-39-0949: KSJAPI::RdFpga Address = 0149(0x0095), Value = 00655(0x028f), Return = 0
2019-01-22 11-30-39-0950: KSJAPI::RdFpga Address = 0150(0x0096), Value = 64267(0xfb0b), Return = 0
2019-01-22 11-30-39-0950: KSJAPI::RdFpga Address = 0151(0x0097), Value = 05079(0x13d7), Return = 0
2019-01-22 11-30-39-0951: KSJAPI::RdFpga Address = 0152(0x0098), Value = 00286(0x011e), Return = 0
2019-01-22 11-30-39-0952: KSJAPI::RdFpga Address = 0153(0x0099), Value = 00245(0x00f5), Return = 0
2019-01-22 11-30-39-0953: KSJAPI::RdFpga Address = 0154(0x009a), Value = 64144(0xfa90), Return = 0
2019-01-22 11-30-39-0954: KSJAPI::RdFpga Address = 0155(0x009b), Value = 05242(0x147a), Return = 0
2019-01-22 11-30-39-0955: KSJAPI::RdFpga Address = 0156(0x009c), Value = 00000(0x0000), Return = 0
2019-01-22 11-30-39-0955: KSJAPI::RdFpga Address = 0157(0x009d), Value = 00000(0x0000), Return = 0
2019-01-22 11-30-39-0956: KSJAPI::RdFpga Address = 0158(0x009e), Value = 00006(0x0006), Return = 0
2019-01-22 11-30-39-0957: KSJAPI::RdFpga Address = 0159(0x009f), Value = 00000(0x0000), Return = 0
2019-01-22 11-30-39-0958: KSJAPI::RdFpga Address = 0161(0x00a1), Value = 00000(0x0000), Return = 0
2019-01-22 11-30-39-0959: KSJAPI::RdFpga Address = 0162(0x00a2), Value = 00000(0x0000), Return = 0
2019-01-22 11-30-39-0960: KSJAPI::RdSensor Address = 0011(0x000b), Value = 00000(0x0000), Return = 0
2019-01-22 11-30-39-0960: KSJAPI::RdSensor Address = 0012(0x000c), Value = 00004(0x0004), Return = 0
2019-01-22 11-30-39-0961: KSJAPI::RdSensor Address = 0013(0x000d), Value = 00000(0x0000), Return = 0
2019-01-22 11-30-39-0962: KSJAPI::RdSensor Address = 0014(0x000e), Value = 00000(0x0000), Return = 0
2019-01-22 11-30-39-0963: KSJAPI::RdSensor Address = 0015(0x000f), Value = 00000(0x0000), Return = 0
2019-01-22 11-30-39-0964: KSJAPI::RdSensor Address = 0016(0x0010), Value = 00000(0x0000), Return = 0
2019-01-22 11-30-39-0965: KSJAPI::RdSensor Address = 0009(0x0009), Value = 00000(0x0000), Return = 0
2019-01-22 11-30-39-0966: KSJAPI::RdSensor Address = 0010(0x000a), Value = 00002(0x0002), Return = 0
2019-01-22 11-30-39-0967: KSJAPI::RdSensor Address = 0017(0x0011), Value = 00000(0x0000), Return = 0
2019-01-22 11-30-39-0968: KSJAPI::RdSensor Address = 0026(0x001a), Value = 00000(0x0000), Return = 0
2019-01-22 11-30-39-0969: KSJAPI::RdSensor Address = 0069(0x0045), Value = 00000(0x0000), Return = 0
2019-01-22 11-30-39-0970: KSJAPI::RdSensor Address = 0004(0x0004), Value = 00000(0x0000), Return = 0
2019-01-22 11-30-39-0971: KSJAPI::RdSensor Address = 0005(0x0005), Value = 00003(0x0003), Return = 0
2019-01-22 11-30-39-0972: KSJAPI::RdSensor Address = 0006(0x0006), Value = 00016(0x0010), Return = 0
2019-01-22 11-30-39-0972: KSJAPI::RdSensor Address = 0007(0x0007), Value = 00000(0x0000), Return = 0
2019-01-22 11-30-39-0974: KSJAPI::RdFpga Address = 0128(0x0080), Value = 57855(0xe1ff), Return = 0
2019-01-22 11-30-39-0975: KSJAPI::RdFpga Address = 0241(0x00f1), Value = 02048(0x0800), Return = 0
2019-01-22 11-30-39-0976: KSJAPI::RdFpga Address = 0128(0x0080), Value = 57855(0xe1ff), Return = 0
2019-01-22 11-30-39-0977: KSJAPI::RdFpga Address = 0241(0x00f1), Value = 02048(0x0800), Return = 0
2019-01-22 11-30-39-0978: KSJAPI::RdFpga Address = 0255(0x00ff), Value = 00000(0x0000), Return = 0
2019-01-22 11-30-39-0978: KSJAPI::RdFpga Address = 0131(0x0083), Value = 65535(0xffff), Return = 0
2019-01-22 11-30-39-0979: KSJAPI::RdFpga Address = 0137(0x0089), Value = 00257(0x0101), Return = 0
2019-01-22 11-30-39-0982: KSJAPI::RdFpga Address = 0147(0x0093), Value = 05693(0x163d), Return = 0
2019-01-22 11-30-39-0983: KSJAPI::RdFpga Address = 0148(0x0094), Value = 63284(0xf734), Return = 0
2019-01-22 11-30-39-0984: KSJAPI::RdFpga Address = 0149(0x0095), Value = 00655(0x028f), Return = 0
2019-01-22 11-30-39-0985: KSJAPI::RdFpga Address = 0150(0x0096), Value = 64267(0xfb0b), Return = 0
2019-01-22 11-30-39-0986: KSJAPI::RdFpga Address = 0151(0x0097), Value = 05079(0x13d7), Return = 0
2019-01-22 11-30-39-0987: KSJAPI::RdFpga Address = 0152(0x0098), Value = 00286(0x011e), Return = 0
2019-01-22 11-30-39-0987: KSJAPI::RdFpga Address = 0153(0x0099), Value = 00245(0x00f5), Return = 0
2019-01-22 11-30-39-0988: KSJAPI::RdFpga Address = 0154(0x009a), Value = 64144(0xfa90), Return = 0
2019-01-22 11-30-39-0989: KSJAPI::RdFpga Address = 0155(0x009b), Value = 05242(0x147a), Return = 0
2019-01-22 11-30-39-0990: KSJAPI::RdFpga Address = 0156(0x009c), Value = 00000(0x0000), Return = 0
2019-01-22 11-30-39-0991: KSJAPI::RdFpga Address = 0157(0x009d), Value = 00000(0x0000), Return = 0
2019-01-22 11-30-39-0992: KSJAPI::RdFpga Address = 0158(0x009e), Value = 00006(0x0006), Return = 0
2019-01-22 11-30-39-0992: KSJAPI::RdFpga Address = 0159(0x009f), Value = 00000(0x0000), Return = 0
2019-01-22 11-30-39-0993: KSJAPI::RdFpga Address = 0161(0x00a1), Value = 00000(0x0000), Return = 0
2019-01-22 11-30-39-0994: KSJAPI::RdFpga Address = 0162(0x00a2), Value = 00000(0x0000), Return = 0
2019-01-22 11-30-39-0995: KSJAPI::RdSensor Address = 0011(0x000b), Value = 00000(0x0000), Return = 0
2019-01-22 11-30-39-0996: KSJAPI::RdSensor Address = 0012(0x000c), Value = 00004(0x0004), Return = 0
2019-01-22 11-30-39-0997: KSJAPI::RdSensor Address = 0013(0x000d), Value = 00000(0x0000), Return = 0
2019-01-22 11-30-39-0998: KSJAPI::RdSensor Address = 0014(0x000e), Value = 00000(0x0000), Return = 0
2019-01-22 11-30-39-0999: KSJAPI::RdSensor Address = 0015(0x000f), Value = 00000(0x0000), Return = 0
2019-01-22 11-30-40-0000: KSJAPI::RdSensor Address = 0016(0x0010), Value = 00000(0x0000), Return = 0
2019-01-22 11-30-40-0000: KSJAPI::RdSensor Address = 0009(0x0009), Value = 00000(0x0000), Return = 0
2019-01-22 11-30-40-0001: KSJAPI::RdSensor Address = 0010(0x000a), Value = 00002(0x0002), Return = 0
2019-01-22 11-30-40-0002: KSJAPI::RdSensor Address = 0017(0x0011), Value = 00000(0x0000), Return = 0
2019-01-22 11-30-40-0003: KSJAPI::RdSensor Address = 0026(0x001a), Value = 00000(0x0000), Return = 0
2019-01-22 11-30-40-0004: KSJAPI::RdSensor Address = 0069(0x0045), Value = 00000(0x0000), Return = 0
2019-01-22 11-30-40-0005: KSJAPI::RdSensor Address = 0004(0x0004), Value = 00000(0x0000), Return = 0
2019-01-22 11-30-40-0006: KSJAPI::RdSensor Address = 0005(0x0005), Value = 00003(0x0003), Return = 0
2019-01-22 11-30-40-0007: KSJAPI::RdSensor Address = 0006(0x0006), Value = 00016(0x0010), Return = 0
2019-01-22 11-30-40-0009: KSJAPI::RdSensor Address = 0007(0x0007), Value = 00000(0x0000), Return = 0
2019-01-22 11-30-40-0952: KSJAPI::RdFpga Address = 0147(0x0093), Value = 05693(0x163d), Return = 0
2019-01-22 11-30-40-0953: KSJAPI::RdFpga Address = 0148(0x0094), Value = 63284(0xf734), Return = 0
2019-01-22 11-30-40-0954: KSJAPI::RdFpga Address = 0149(0x0095), Value = 00655(0x028f), Return = 0
2019-01-22 11-30-40-0955: KSJAPI::RdFpga Address = 0150(0x0096), Value = 64267(0xfb0b), Return = 0
2019-01-22 11-30-40-0955: KSJAPI::RdFpga Address = 0151(0x0097), Value = 05079(0x13d7), Return = 0
2019-01-22 11-30-40-0956: KSJAPI::RdFpga Address = 0152(0x0098), Value = 00286(0x011e), Return = 0
2019-01-22 11-30-40-0956: KSJAPI::RdFpga Address = 0153(0x0099), Value = 00245(0x00f5), Return = 0
2019-01-22 11-30-40-0957: KSJAPI::RdFpga Address = 0154(0x009a), Value = 64144(0xfa90), Return = 0
2019-01-22 11-30-40-0957: KSJAPI::RdFpga Address = 0155(0x009b), Value = 05242(0x147a), Return = 0
2019-01-22 11-30-41-0882: KSJAPI::WrSensor Address = 0013(0x000d), Value = 00002(0x0002), Return = 0
2019-01-22 11-30-41-0882: KSJAPI::WrSensor Address = 0013(0x000d), Value = 00002(0x0002), Return = 0
2019-01-22 11-30-41-0883: KSJAPI::WrSensor Address = 0013(0x000d), Value = 00002(0x0002), Return = 0
2019-01-22 11-30-41-0883: KSJAPI::WrSensor Address = 0011(0x000b), Value = 00196(0x00c4), Return = 0
2019-01-22 11-30-41-0883: KSJAPI::WrSensor Address = 0011(0x000b), Value = 00196(0x00c4), Return = 0
2019-01-22 11-30-41-0884: KSJAPI::WrSensor Address = 0011(0x000b), Value = 00196(0x00c4), Return = 0
2019-01-22 11-30-49-0886: libusb_bulk_transfer: ret = -7, hPipe = 0xe0007200, m_uBulkEndpointAddress = 0x81, nTotalBytes = 19961856, nNumberOfBytesRead = 0 ulTimeOut = 8000
2019-01-22 11-30-49-0887: CKSJBusUsb::ReadData ReadRawDataAfterStart error  nRet = -8 
2019-01-22 11-30-49-0887: KSJAPI::RdFpga Address = 0128(0x0080), Value = 57855(0xe1ff), Return = 0
2019-01-22 11-30-49-0887: KSJAPI::CKSJDeviceOnBusUsb::Recover Close()  nRet = 0  
2019-01-22 11-30-49-0888: KSJAPI::CKSJDeviceOnBusUsb::Recover OpenLostDevice()  nRet = 0  
2019-01-22 11-30-49-0888: KSJAPI::SetWorkingMode WorkingMode = 00000(0x0000), Return = 0000
2019-01-22 11-30-49-0889: KSJAPI::WrFpga Address = 0003(0x0003), Value = 65535(0xffff), Return = 0
2019-01-22 11-30-49-0889: KSJAPI::WrFpga Address = 0009(0x0009), Value = 00257(0x0101), Return = 0
2019-01-22 11-30-49-0890: KSJAPI::WrFpga Address = 0016(0x0010), Value = 07426(0x1d02), Return = 0
2019-01-22 11-30-49-0890: KSJAPI::WrFpga Address = 0017(0x0011), Value = 00000(0x0000), Return = 0
2019-01-22 11-30-49-0891: KSJAPI::WrFpga Address = 0018(0x0012), Value = 08257(0x2041), Return = 0
2019-01-22 11-30-49-0891: KSJAPI::WrFpga Address = 0019(0x0013), Value = 05693(0x163d), Return = 0
2019-01-22 11-30-49-0891: KSJAPI::WrFpga Address = 0020(0x0014), Value = 63284(0xf734), Return = 0
2019-01-22 11-30-49-0892: KSJAPI::WrFpga Address = 0021(0x0015), Value = 00655(0x028f), Return = 0
2019-01-22 11-30-49-0892: KSJAPI::WrFpga Address = 0022(0x0016), Value = 64267(0xfb0b), Return = 0
2019-01-22 11-30-49-0893: KSJAPI::WrFpga Address = 0023(0x0017), Value = 05079(0x13d7), Return = 0
2019-01-22 11-30-49-0893: KSJAPI::WrFpga Address = 0024(0x0018), Value = 00286(0x011e), Return = 0
2019-01-22 11-30-49-0894: KSJAPI::WrFpga Address = 0025(0x0019), Value = 00245(0x00f5), Return = 0
2019-01-22 11-30-49-0894: KSJAPI::WrFpga Address = 0026(0x001a), Value = 64144(0xfa90), Return = 0
2019-01-22 11-30-49-0895: KSJAPI::WrFpga Address = 0027(0x001b), Value = 05242(0x147a), Return = 0
2019-01-22 11-30-49-0895: KSJAPI::WrFpga Address = 0028(0x001c), Value = 00001(0x0001), Return = 0
2019-01-22 11-30-49-0896: KSJAPI::WrFpga Address = 0029(0x001d), Value = 00000(0x0000), Return = 0
2019-01-22 11-30-49-0896: KSJAPI::WrFpga Address = 0030(0x001e), Value = 00006(0x0006), Return = 0
2019-01-22 11-30-49-0897: KSJAPI::WrFpga Address = 0031(0x001f), Value = 00000(0x0000), Return = 0
2019-01-22 11-30-49-0897: KSJAPI::WrFpga Address = 0033(0x0021), Value = 00000(0x0000), Return = 0
2019-01-22 11-30-49-0897: KSJAPI::WrFpga Address = 0034(0x0022), Value = 00000(0x0000), Return = 0
2019-01-22 11-30-49-0898: KSJAPI::WrSensor Address = 0011(0x000b), Value = 00196(0x00c4), Return = 0
2019-01-22 11-30-49-0898: KSJAPI::WrSensor Address = 0012(0x000c), Value = 00004(0x0004), Return = 0
2019-01-22 11-30-49-0899: KSJAPI::WrSensor Address = 0013(0x000d), Value = 00002(0x0002), Return = 0
2019-01-22 11-30-49-0899: KSJAPI::WrSensor Address = 0014(0x000e), Value = 00000(0x0000), Return = 0
2019-01-22 11-30-49-0900: KSJAPI::WrSensor Address = 0015(0x000f), Value = 00000(0x0000), Return = 0
2019-01-22 11-30-49-0900: KSJAPI::WrSensor Address = 0016(0x0010), Value = 00000(0x0000), Return = 0
2019-01-22 11-30-49-0901: KSJAPI::WrSensor Address = 0009(0x0009), Value = 00000(0x0000), Return = 0
2019-01-22 11-30-49-0901: KSJAPI::WrSensor Address = 0010(0x000a), Value = 00002(0x0002), Return = 0
2019-01-22 11-30-49-0902: KSJAPI::WrSensor Address = 0017(0x0011), Value = 00000(0x0000), Return = 0
2019-01-22 11-30-49-0903: KSJAPI::WrSensor Address = 0026(0x001a), Value = 00000(0x0000), Return = 0
2019-01-22 11-30-49-0903: KSJAPI::WrSensor Address = 0069(0x0045), Value = 00000(0x0000), Return = 0
2019-01-22 11-30-49-0903: KSJAPI::WrSensor Address = 0004(0x0004), Value = 00000(0x0000), Return = 0
2019-01-22 11-30-49-0904: KSJAPI::WrSensor Address = 0005(0x0005), Value = 00003(0x0003), Return = 0
2019-01-22 11-30-49-0905: KSJAPI::WrSensor Address = 0006(0x0006), Value = 00016(0x0010), Return = 0
2019-01-22 11-30-49-0906: KSJAPI::WrSensor Address = 0007(0x0007), Value = 00000(0x0000), Return = 0
2019-01-22 11-30-49-0906: KSJAPI::CKSJDeviceOnBusUsb::Recover  m_pCam->Cam_RecoverRelatedRegValue() nRet = -10  
2019-01-22 11-30-50-0063: KSJAPI::CKSJDeviceOnBusUsb::Recover Reset() nRet = -10  
